<?xml version="1.0" encoding="utf-8"?><testsuites><testsuite name="pytest" errors="0" failures="0" skipped="0" tests="3" time="1.915" timestamp="2025-04-20T20:06:45.103443+00:00" hostname="codespaces-559949"><testcase classname="tests.test_main" name="test_main_functionality" time="0.001" /><testcase classname="tests.test_models" name="test_example_model" time="0.001" /><testcase classname="tests.test_routes" name="test_example_route" time="0.022" /></testsuite></testsuites>